# JRE version: OpenJDK Runtime Environment (8.0_282-b08) (build 1.8.0_282-b08)
# Java VM: OpenJDK 64-Bit Server VM (25.282-b08 mixed mode bsd-amd64 compressed oops)
Heap:
 PSYoungGen      total 339456K, used 161450K [0x0000000795580000, 0x00000007ac280000, 0x00000007c0000000)
  eden space 327680K, 45% used [0x0000000795580000,0x000000079e7aee60,0x00000007a9580000)
  from space 11776K, 99% used [0x00000007ab700000,0x00000007ac27bd18,0x00000007ac280000)
  to   space 18432K, 0% used [0x00000007a9e80000,0x00000007a9e80000,0x00000007ab080000)
 ParOldGen       total 83968K, used 21080K [0x0000000740000000, 0x0000000745200000, 0x0000000795580000)
  object space 83968K, 25% used [0x0000000740000000,0x0000000741496188,0x0000000745200000)
 Metaspace       used 54967K, capacity 57800K, committed 58024K, reserved 1099776K
  class space    used 6822K, capacity 7318K, committed 7336K, reserved 1048576K
GC Heap History (10 events):
Event: 8.370 GC heap before
{Heap before GC invocations=6 (full 1):
 PSYoungGen      total 138240K, used 133120K [0x0000000795580000, 0x000000079e180000, 0x00000007c0000000)
  eden space 133120K, 100% used [0x0000000795580000,0x000000079d780000,0x000000079d780000)
  from space 5120K, 0% used [0x000000079dc80000,0x000000079dc80000,0x000000079e180000)
  to   space 5120K, 0% used [0x000000079d780000,0x000000079d780000,0x000000079dc80000)
 ParOldGen       total 53248K, used 6051K [0x0000000740000000, 0x0000000743400000, 0x0000000795580000)
  object space 53248K, 11% used [0x0000000740000000,0x00000007405e8d10,0x0000000743400000)
 Metaspace       used 30199K, capacity 31100K, committed 31280K, reserved 1077248K
  class space    used 3903K, capacity 4111K, committed 4144K, reserved 1048576K
Event: 8.392 GC heap after
Heap after GC invocations=6 (full 1):
 PSYoungGen      total 138240K, used 5088K [0x0000000795580000, 0x00000007a4900000, 0x00000007c0000000)
  eden space 133120K, 0% used [0x0000000795580000,0x0000000795580000,0x000000079d780000)
  from space 5120K, 99% used [0x000000079d780000,0x000000079dc78030,0x000000079dc80000)
  to   space 12800K, 0% used [0x00000007a3c80000,0x00000007a3c80000,0x00000007a4900000)
 ParOldGen       total 53248K, used 12964K [0x0000000740000000, 0x0000000743400000, 0x0000000795580000)
  object space 53248K, 24% used [0x0000000740000000,0x0000000740ca9288,0x0000000743400000)
 Metaspace       used 30199K, capacity 31100K, committed 31280K, reserved 1077248K
  class space    used 3903K, capacity 4111K, committed 4144K, reserved 1048576K
}
Event: 10.391 GC heap before
{Heap before GC invocations=7 (full 1):
 PSYoungGen      total 138240K, used 59406K [0x0000000795580000, 0x00000007a4900000, 0x00000007c0000000)
  eden space 133120K, 40% used [0x0000000795580000,0x0000000798a8b860,0x000000079d780000)
  from space 5120K, 99% used [0x000000079d780000,0x000000079dc78030,0x000000079dc80000)
  to   space 12800K, 0% used [0x00000007a3c80000,0x00000007a3c80000,0x00000007a4900000)
 ParOldGen       total 53248K, used 12964K [0x0000000740000000, 0x0000000743400000, 0x0000000795580000)
  object space 53248K, 24% used [0x0000000740000000,0x0000000740ca9288,0x0000000743400000)
 Metaspace       used 33998K, capacity 35302K, committed 35496K, reserved 1079296K
  class space    used 4385K, capacity 4662K, committed 4776K, reserved 1048576K
Event: 10.421 GC heap after
Heap after GC invocations=7 (full 1):
 PSYoungGen      total 232448K, used 12709K [0x0000000795580000, 0x00000007a4900000, 0x00000007c0000000)
  eden space 219648K, 0% used [0x0000000795580000,0x0000000795580000,0x00000007a2c00000)
  from space 12800K, 99% used [0x00000007a3c80000,0x00000007a48e9590,0x00000007a4900000)
  to   space 14848K, 0% used [0x00000007a2c00000,0x00000007a2c00000,0x00000007a3a80000)
 ParOldGen       total 53248K, used 13036K [0x0000000740000000, 0x0000000743400000, 0x0000000795580000)
  object space 53248K, 24% used [0x0000000740000000,0x0000000740cbb298,0x0000000743400000)
 Metaspace       used 33998K, capacity 35302K, committed 35496K, reserved 1079296K
  class space    used 4385K, capacity 4662K, committed 4776K, reserved 1048576K
}
Event: 10.421 GC heap before
{Heap before GC invocations=8 (full 2):
 PSYoungGen      total 232448K, used 12709K [0x0000000795580000, 0x00000007a4900000, 0x00000007c0000000)
  eden space 219648K, 0% used [0x0000000795580000,0x0000000795580000,0x00000007a2c00000)
  from space 12800K, 99% used [0x00000007a3c80000,0x00000007a48e9590,0x00000007a4900000)
  to   space 14848K, 0% used [0x00000007a2c00000,0x00000007a2c00000,0x00000007a3a80000)
 ParOldGen       total 53248K, used 13036K [0x0000000740000000, 0x0000000743400000, 0x0000000795580000)
  object space 53248K, 24% used [0x0000000740000000,0x0000000740cbb298,0x0000000743400000)
 Metaspace       used 33998K, capacity 35302K, committed 35496K, reserved 1079296K
  class space    used 4385K, capacity 4662K, committed 4776K, reserved 1048576K
Event: 10.550 GC heap after
Heap after GC invocations=8 (full 2):
 PSYoungGen      total 232448K, used 0K [0x0000000795580000, 0x00000007a4900000, 0x00000007c0000000)
  eden space 219648K, 0% used [0x0000000795580000,0x0000000795580000,0x00000007a2c00000)
  from space 12800K, 0% used [0x00000007a3c80000,0x00000007a3c80000,0x00000007a4900000)
  to   space 14848K, 0% used [0x00000007a2c00000,0x00000007a2c00000,0x00000007a3a80000)
 ParOldGen       total 83968K, used 17985K [0x0000000740000000, 0x0000000745200000, 0x0000000795580000)
  object space 83968K, 21% used [0x0000000740000000,0x0000000741190598,0x0000000745200000)
 Metaspace       used 33998K, capacity 35302K, committed 35496K, reserved 1079296K
  class space    used 4385K, capacity 4662K, committed 4776K, reserved 1048576K
}
Event: 521.762 GC heap before
{Heap before GC invocations=9 (full 2):
 PSYoungGen      total 232448K, used 219648K [0x0000000795580000, 0x00000007a4900000, 0x00000007c0000000)
  eden space 219648K, 100% used [0x0000000795580000,0x00000007a2c00000,0x00000007a2c00000)
  from space 12800K, 0% used [0x00000007a3c80000,0x00000007a3c80000,0x00000007a4900000)
  to   space 14848K, 0% used [0x00000007a2c00000,0x00000007a2c00000,0x00000007a3a80000)
 ParOldGen       total 83968K, used 17985K [0x0000000740000000, 0x0000000745200000, 0x0000000795580000)
  object space 83968K, 21% used [0x0000000740000000,0x0000000741190598,0x0000000745200000)
 Metaspace       used 48083K, capacity 50230K, committed 50344K, reserved 1093632K
  class space    used 6171K, capacity 6562K, committed 6568K, reserved 1048576K
Event: 521.946 GC heap after
Heap after GC invocations=9 (full 2):
 PSYoungGen      total 234496K, used 14825K [0x0000000795580000, 0x00000007ac980000, 0x00000007c0000000)
  eden space 219648K, 0% used [0x0000000795580000,0x0000000795580000,0x00000007a2c00000)
  from space 14848K, 99% used [0x00000007a2c00000,0x00000007a3a7a6f8,0x00000007a3a80000)
  to   space 18944K, 0% used [0x00000007ab700000,0x00000007ab700000,0x00000007ac980000)
 ParOldGen       total 83968K, used 21072K [0x0000000740000000, 0x0000000745200000, 0x0000000795580000)
  object space 83968K, 25% used [0x0000000740000000,0x0000000741494188,0x0000000745200000)
 Metaspace       used 48083K, capacity 50230K, committed 50344K, reserved 1093632K
  class space    used 6171K, capacity 6562K, committed 6568K, reserved 1048576K
}
Event: 10153.515 GC heap before
{Heap before GC invocations=10 (full 2):
 PSYoungGen      total 234496K, used 234473K [0x0000000795580000, 0x00000007ac980000, 0x00000007c0000000)
  eden space 219648K, 100% used [0x0000000795580000,0x00000007a2c00000,0x00000007a2c00000)
  from space 14848K, 99% used [0x00000007a2c00000,0x00000007a3a7a6f8,0x00000007a3a80000)
  to   space 18944K, 0% used [0x00000007ab700000,0x00000007ab700000,0x00000007ac980000)
 ParOldGen       total 83968K, used 21072K [0x0000000740000000, 0x0000000745200000, 0x0000000795580000)
  object space 83968K, 25% used [0x0000000740000000,0x0000000741494188,0x0000000745200000)
 Metaspace       used 51224K, capacity 53974K, committed 54056K, reserved 1095680K
  class space    used 6422K, capacity 6902K, committed 6952K, reserved 1048576K
Event: 10153.635 GC heap after
Heap after GC invocations=10 (full 2):
 PSYoungGen      total 339456K, used 11759K [0x0000000795580000, 0x00000007ac280000, 0x00000007c0000000)
  eden space 327680K, 0% used [0x0000000795580000,0x0000000795580000,0x00000007a9580000)
  from space 11776K, 99% used [0x00000007ab700000,0x00000007ac27bd18,0x00000007ac280000)
  to   space 18432K, 0% used [0x00000007a9e80000,0x00000007a9e80000,0x00000007ab080000)
 ParOldGen       total 83968K, used 21080K [0x0000000740000000, 0x0000000745200000, 0x0000000795580000)
  object space 83968K, 25% used [0x0000000740000000,0x0000000741496188,0x0000000745200000)
 Metaspace       used 51224K, capacity 53974K, committed 54056K, reserved 1095680K
  class space    used 6422K, capacity 6902K, committed 6952K, reserved 1048576K
}

